<?xml version="1.0" encoding="UTF-8"?>
<!-- Generated by org.testng.reporters.JUnitReportReporter -->
<testsuite hostname="Akshay-Yaduvanshi" failures="0" tests="3" name="testngDemo.Demo" time="0.039" errors="0" timestamp="19 Jul 2023 05:29:42 GMT">
  <testcase classname="testngDemo.Demo" name="test2" time="0.014"/>
  <testcase classname="testngDemo.Demo" name="test3" time="0.005"/>
  <testcase classname="testngDemo.Demo" name="test1" time="0.020"/>
</testsuite> <!-- testngDemo.Demo -->
