<?xml version="1.0" encoding="UTF-8"?>
<!-- Generated by org.testng.reporters.JUnitReportReporter -->
<testsuite hostname="Akshay-Yaduvanshi" failures="0" tests="1" name="vtigerTestScript.BaseTestCase" time="0.010" errors="0" timestamp="28 Jul 2023 14:17:08 GMT">
  <testcase classname="vtigerTestScript.BaseTestCase" name="test" time="0.010"/>
</testsuite> <!-- vtigerTestScript.BaseTestCase -->
